<?xml version="1.0" encoding="UTF-8"?>
<testng-results ignored="0" total="3" passed="3" failed="0" skipped="0">
  <reporter-output>
  </reporter-output>
  <suite started-at="2020-10-22T16:12:15 PDT" name="Default suite" finished-at="2020-10-22T16:13:02 PDT" duration-ms="47496">
    <groups>
    </groups>
    <test started-at="2020-10-22T16:12:15 PDT" name="Default test" finished-at="2020-10-22T16:13:02 PDT" duration-ms="47496">
      <class name="com.crm.qa.testcases.AddNewContactsPageTest">
        <test-method is-config="true" signature="setUp()[pri:0, instance:com.crm.qa.testcases.AddNewContactsPageTest@60d8c9b7]" started-at="2020-10-22T16:12:16 PDT" name="setUp" finished-at="2020-10-22T16:12:29 PDT" duration-ms="13089" status="PASS">
          <reporter-output>
          </reporter-output>
        </test-method> <!-- setUp -->
        <test-method signature="createNewContactTest(java.lang.String, java.lang.String, java.lang.String)[pri:1, instance:com.crm.qa.testcases.AddNewContactsPageTest@60d8c9b7]" started-at="2020-10-22T16:12:29 PDT" name="createNewContactTest" data-provider="getCRMTestData" finished-at="2020-10-22T16:12:31 PDT" duration-ms="1926" status="PASS">
          <params>
            <param index="0">
              <value>
                <![CDATA[Sophia]]>
              </value>
            </param>
            <param index="1">
              <value>
                <![CDATA[Mannanal]]>
              </value>
            </param>
            <param index="2">
              <value>
                <![CDATA[Google]]>
              </value>
            </param>
          </params>
          <reporter-output>
          </reporter-output>
        </test-method> <!-- createNewContactTest -->
        <test-method is-config="true" signature="tearDown()[pri:0, instance:com.crm.qa.testcases.AddNewContactsPageTest@60d8c9b7]" started-at="2020-10-22T16:12:31 PDT" name="tearDown" finished-at="2020-10-22T16:12:32 PDT" duration-ms="928" status="PASS">
          <reporter-output>
          </reporter-output>
        </test-method> <!-- tearDown -->
        <test-method is-config="true" signature="setUp()[pri:0, instance:com.crm.qa.testcases.AddNewContactsPageTest@60d8c9b7]" started-at="2020-10-22T16:12:32 PDT" name="setUp" finished-at="2020-10-22T16:12:43 PDT" duration-ms="11934" status="PASS">
          <reporter-output>
          </reporter-output>
        </test-method> <!-- setUp -->
        <test-method signature="createNewContactTest(java.lang.String, java.lang.String, java.lang.String)[pri:1, instance:com.crm.qa.testcases.AddNewContactsPageTest@60d8c9b7]" started-at="2020-10-22T16:12:43 PDT" name="createNewContactTest" data-provider="getCRMTestData" finished-at="2020-10-22T16:12:46 PDT" duration-ms="2418" status="PASS">
          <params>
            <param index="0">
              <value>
                <![CDATA[Sherine]]>
              </value>
            </param>
            <param index="1">
              <value>
                <![CDATA[Thomas]]>
              </value>
            </param>
            <param index="2">
              <value>
                <![CDATA[Costco]]>
              </value>
            </param>
          </params>
          <reporter-output>
          </reporter-output>
        </test-method> <!-- createNewContactTest -->
        <test-method is-config="true" signature="tearDown()[pri:0, instance:com.crm.qa.testcases.AddNewContactsPageTest@60d8c9b7]" started-at="2020-10-22T16:12:46 PDT" name="tearDown" finished-at="2020-10-22T16:12:47 PDT" duration-ms="964" status="PASS">
          <reporter-output>
          </reporter-output>
        </test-method> <!-- tearDown -->
        <test-method is-config="true" signature="setUp()[pri:0, instance:com.crm.qa.testcases.AddNewContactsPageTest@60d8c9b7]" started-at="2020-10-22T16:12:47 PDT" name="setUp" finished-at="2020-10-22T16:12:59 PDT" duration-ms="12112" status="PASS">
          <reporter-output>
          </reporter-output>
        </test-method> <!-- setUp -->
        <test-method signature="createNewContactTest(java.lang.String, java.lang.String, java.lang.String)[pri:1, instance:com.crm.qa.testcases.AddNewContactsPageTest@60d8c9b7]" started-at="2020-10-22T16:12:59 PDT" name="createNewContactTest" data-provider="getCRMTestData" finished-at="2020-10-22T16:13:01 PDT" duration-ms="2265" status="PASS">
          <params>
            <param index="0">
              <value>
                <![CDATA[Merine]]>
              </value>
            </param>
            <param index="1">
              <value>
                <![CDATA[Thomas]]>
              </value>
            </param>
            <param index="2">
              <value>
                <![CDATA[Facebook]]>
              </value>
            </param>
          </params>
          <reporter-output>
          </reporter-output>
        </test-method> <!-- createNewContactTest -->
        <test-method is-config="true" signature="tearDown()[pri:0, instance:com.crm.qa.testcases.AddNewContactsPageTest@60d8c9b7]" started-at="2020-10-22T16:13:01 PDT" name="tearDown" finished-at="2020-10-22T16:13:02 PDT" duration-ms="1029" status="PASS">
          <reporter-output>
          </reporter-output>
        </test-method> <!-- tearDown -->
      </class> <!-- com.crm.qa.testcases.AddNewContactsPageTest -->
    </test> <!-- Default test -->
  </suite> <!-- Default suite -->
</testng-results>
