<?xml version="1.0" encoding="UTF-8"?>
<testng-results ignored="0" total="1" passed="1" failed="0" skipped="0">
  <reporter-output>
  </reporter-output>
  <suite started-at="2020-10-21T21:38:42 PDT" name="Default suite" finished-at="2020-10-21T21:38:54 PDT" duration-ms="12521">
    <groups>
    </groups>
    <test started-at="2020-10-21T21:38:42 PDT" name="Default test" finished-at="2020-10-21T21:38:54 PDT" duration-ms="12521">
      <class name="com.crm.qa.testcases.HomePageTest">
        <test-method is-config="true" signature="setUp()[pri:0, instance:com.crm.qa.testcases.HomePageTest@75329a49]" started-at="2020-10-21T21:38:42 PDT" name="setUp" finished-at="2020-10-21T21:38:53 PDT" duration-ms="11281" status="PASS">
          <reporter-output>
          </reporter-output>
        </test-method> <!-- setUp -->
        <test-method signature="verifyContactsLinkTest()[pri:1, instance:com.crm.qa.testcases.HomePageTest@75329a49]" started-at="2020-10-21T21:38:53 PDT" name="verifyContactsLinkTest" finished-at="2020-10-21T21:38:54 PDT" duration-ms="1193" status="PASS">
          <reporter-output>
          </reporter-output>
        </test-method> <!-- verifyContactsLinkTest -->
        <test-method is-config="true" signature="tearDown()[pri:0, instance:com.crm.qa.testcases.HomePageTest@75329a49]" started-at="2020-10-21T21:38:54 PDT" name="tearDown" finished-at="2020-10-21T21:38:54 PDT" duration-ms="0" status="PASS">
          <reporter-output>
          </reporter-output>
        </test-method> <!-- tearDown -->
      </class> <!-- com.crm.qa.testcases.HomePageTest -->
    </test> <!-- Default test -->
  </suite> <!-- Default suite -->
</testng-results>
