<?xml version="1.0" encoding="UTF-8"?>
<!-- Generated by org.testng.reporters.JUnitXMLReporter -->
<testsuite ignored="0" hostname="vijosema-dev3" failures="0" tests="5" name="CRM App Test Cases" time="55.234" errors="0" timestamp="2020-10-21T22:15:00 PDT">
  <testcase classname="com.crm.qa.testcases.IndexPageTest" name="indexPageTitleTest" time="0.426"/>
  <testcase classname="com.crm.qa.testcases.IndexPageTest" name="clickOnLoginBtnTest" time="1.021"/>
  <testcase classname="com.crm.qa.testcases.LoginPageTest" name="loginTest" time="0.557"/>
  <testcase classname="com.crm.qa.testcases.HomePageTest" name="verifyContactsLinkTest" time="1.182"/>
  <testcase classname="com.crm.qa.testcases.ContactsPageTest" name="clickOnNewBtn" time="0.849"/>
</testsuite> <!-- CRM App Test Cases -->
